<?xml version="1.0" encoding="utf-8"?><testsuites name="pytest tests"><testsuite name="pytest" errors="0" failures="0" skipped="0" tests="29" time="15.749" timestamp="2026-03-27T14:53:58.856702+00:00" hostname="agent-env-fce3d5b3-80e4-4fe2-b389-b7bd7bebe24f"><testcase classname="backend.tests.test_optimus_api.TestUserAPI" name="test_get_user" time="1.615" /><testcase classname="backend.tests.test_optimus_api.TestUserAPI" name="test_update_xp" time="0.190" /><testcase classname="backend.tests.test_optimus_api.TestMarketAPI" name="test_get_stocks" time="0.162" /><testcase classname="backend.tests.test_optimus_api.TestMarketAPI" name="test_get_stock_detail" time="0.180" /><testcase classname="backend.tests.test_optimus_api.TestMarketAPI" name="test_get_stock_chart" time="0.169" /><testcase classname="backend.tests.test_optimus_api.TestMarketAPI" name="test_get_crypto" time="0.223" /><testcase classname="backend.tests.test_optimus_api.TestMarketAPI" name="test_crash_events" time="0.149" /><testcase classname="backend.tests.test_optimus_api.TestPortfolioAPI" name="test_get_portfolio" time="0.114" /><testcase classname="backend.tests.test_optimus_api.TestPortfolioAPI" name="test_get_trades" time="0.154" /><testcase classname="backend.tests.test_optimus_api.TestPortfolioAPI" name="test_execute_buy_trade" time="0.198" /><testcase classname="backend.tests.test_optimus_api.TestPortfolioAPI" name="test_execute_sell_trade" time="0.257" /><testcase classname="backend.tests.test_optimus_api.TestPortfolioAPI" name="test_reset_portfolio" time="0.287" /><testcase classname="backend.tests.test_optimus_api.TestRoadmapAPI" name="test_get_roadmap_progress" time="0.113" /><testcase classname="backend.tests.test_optimus_api.TestRoadmapAPI" name="test_complete_lesson" time="0.116" /><testcase classname="backend.tests.test_optimus_api.TestRoadmapAPI" name="test_submit_quiz" time="0.134" /><testcase classname="backend.tests.test_optimus_api.TestCommunityAPI" name="test_get_posts" time="0.118" /><testcase classname="backend.tests.test_optimus_api.TestCommunityAPI" name="test_create_post" time="0.129" /><testcase classname="backend.tests.test_optimus_api.TestCommunityAPI" name="test_like_post" time="0.245" /><testcase classname="backend.tests.test_optimus_api.TestCommunityAPI" name="test_get_leaderboard" time="0.155" /><testcase classname="backend.tests.test_optimus_api.TestCompetitionsAPI" name="test_get_competitions" time="0.118" /><testcase classname="backend.tests.test_optimus_api.TestCompetitionsAPI" name="test_join_competition" time="0.235" /><testcase classname="backend.tests.test_optimus_api.TestCompetitionsAPI" name="test_create_competition" time="0.151" /><testcase classname="backend.tests.test_optimus_api.TestAlgoLabAPI" name="test_get_strategies" time="0.112" /><testcase classname="backend.tests.test_optimus_api.TestAlgoLabAPI" name="test_run_backtest" time="0.133" /><testcase classname="backend.tests.test_optimus_api.TestLearnAPI" name="test_get_daily_quiz" time="0.133" /><testcase classname="backend.tests.test_optimus_api.TestLearnAPI" name="test_submit_daily_quiz" time="0.149" /><testcase classname="backend.tests.test_optimus_api.TestAnalysisAPI" name="test_stock_analysis" time="0.122" /><testcase classname="backend.tests.test_optimus_api.TestChatbotAPI" name="test_chatbot_message" time="9.396" /><testcase classname="backend.tests.test_optimus_api.TestNotificationsAPI" name="test_get_notifications" time="0.138" /></testsuite></testsuites>